0 info it worked if it ends with ok
1 verbose cli [ '/usr/bin/node', '/usr/bin/npm', 'start' ]
2 info using npm@1.4.9
3 info using node@v0.10.28
4 verbose node symlink /usr/bin/node
5 verbose run-script [ 'prestart', 'start', 'poststart' ]
6 info prestart soundsense@0.0.0
7 info start soundsense@0.0.0
8 verbose unsafe-perm in lifecycle true
9 info soundsense@0.0.0 Failed to exec start script
10 error soundsense@0.0.0 start: `harp server src`
10 error Exit status 8
11 error Failed at the soundsense@0.0.0 start script.
11 error This is most likely a problem with the soundsense package,
11 error not with npm itself.
11 error Tell the author that this fails on your system:
11 error     harp server src
11 error You can get their info via:
11 error     npm owner ls soundsense
11 error There is likely additional logging output above.
12 error System Linux 3.2.0-23-generic-pae
13 error command "/usr/bin/node" "/usr/bin/npm" "start"
14 error cwd /home/vagrant/code/mks/soundsense
15 error node -v v0.10.28
16 error npm -v 1.4.9
17 error code ELIFECYCLE
18 verbose exit [ 1, true ]
